Command line:
   alu_tb_isim_beh.exe
     -simmode  gui
     -simrunnum  0
     -socket  51728

Wed Jan 04 19:31:22 2023


 Elaboration Time: 0.03125 sec

 Current Memory Usage: 5150.44 Meg

 Total Signals          : 14
 Total Nets             : 37
 Total Signal Drivers   : 8
 Total Blocks           : 5
 Total Primitive Blocks : 4
 Total Processes        : 5
 Total Traceable Variables  : 11
 Total Scalar Nets and Variables : 416
Total Line Count : 18

 Total Simulation Time: 0.21875 sec

 Current Memory Usage: 4993.15 Meg

Wed Jan 04 19:32:24 2023

